E:\DOCUMENTS\PYTHON\HELLO\PYTHON-2.7.11\PC\VS9.0\WIN32-TEMP-RELEASE\MAKE_VERSIONINFO\MAKE_VERSIONINFO.OBJ
E:\DOCUMENTS\PYTHON\HELLO\PYTHON-2.7.11\PC\VS9.0\WIN32-TEMP-RELEASE\MAKE_VERSIONINFO\VC110.PDB
E:\DOCUMENTS\PYTHON\HELLO\PYTHON-2.7.11\PC\VS9.0\MAKE_VERSIONINFO.EXE
E:\DOCUMENTS\PYTHON\HELLO\PYTHON-2.7.11\PC\VS9.0\MAKE_VERSIONINFO.PDB
E:\documents\python\hello\Python-2.7.11\PC\pythonnt_rc.h
E:\documents\python\hello\Python-2.7.11\PC\VS9.0\Win32-temp-Release\make_versioninfo\make_versioninfo.obj
E:\documents\python\hello\Python-2.7.11\PC\VS9.0\Win32-temp-Release\make_versioninfo\cl.command.1.tlog
E:\documents\python\hello\Python-2.7.11\PC\VS9.0\Win32-temp-Release\make_versioninfo\CL.read.1.tlog
E:\documents\python\hello\Python-2.7.11\PC\VS9.0\Win32-temp-Release\make_versioninfo\CL.write.1.tlog
E:\documents\python\hello\Python-2.7.11\PC\VS9.0\Win32-temp-Release\make_versioninfo\link-cvtres.read.1.tlog
E:\documents\python\hello\Python-2.7.11\PC\VS9.0\Win32-temp-Release\make_versioninfo\link-cvtres.write.1.tlog
E:\documents\python\hello\Python-2.7.11\PC\VS9.0\Win32-temp-Release\make_versioninfo\link-rc.read.1.tlog
E:\documents\python\hello\Python-2.7.11\PC\VS9.0\Win32-temp-Release\make_versioninfo\link-rc.write.1.tlog
E:\documents\python\hello\Python-2.7.11\PC\VS9.0\Win32-temp-Release\make_versioninfo\link.command.1.tlog
E:\documents\python\hello\Python-2.7.11\PC\VS9.0\Win32-temp-Release\make_versioninfo\link.read.1.tlog
E:\documents\python\hello\Python-2.7.11\PC\VS9.0\Win32-temp-Release\make_versioninfo\link.write.1.tlog
E:\documents\python\hello\Python-2.7.11\PC\VS9.0\Win32-temp-Release\make_versioninfo\make_versioninfo.write.1.tlog
E:\documents\python\hello\Python-2.7.11\PC\VS9.0\Win32-temp-Release\make_versioninfo\vc110.pdb
E:\documents\python\hello\Python-2.7.11\PC\VS9.0\\make_versioninfo.pdb
E:\documents\python\hello\Python-2.7.11\PC\VS9.0\\make_versioninfo.exe
