生成启动时间为 2016/4/4 18:56:01。
     1>项目“E:\documents\python\hello\Python-2.7.11\PCbuild\bz2.vcxproj”在节点 3 上(Build 个目标)。
     1>ClCompile:
         D:\Program Files (x86)\Microsoft Visual Studio 11.0\VC\bin\CL.exe /c /I"E:\documents\python\hello\Python-2.7.11\externals\bzip2-1.0.6\\" /I"E:\documents\python\hello\Python-2.7.11\Include" /I"E:\documents\python\hello\Python-2.7.11\PC" /Zi /nologo /W3 /WX- /O2 /Oi /Oy- /GL /D WIN32 /D _FILE_OFFSET_BITS=64 /D _CRT_SECURE_NO_DEPRECATE /D _CRT_NONSTDC_NO_DEPRECATE /D WIN32 /D _WIN32 /D NDEBUG /D Py_BUILD_CORE_MODULE /D _WINDLL /GF /Gm- /MD /GS /Gy /fp:precise /Zc:wchar_t /Zc:forScope /Fo"E:\documents\python\hello\Python-2.7.11\PCbuild\obj\win32_Release\bz2\\" /Fd"E:\documents\python\hello\Python-2.7.11\PCbuild\obj\win32_Release\bz2\vc110.pdb" /Gd /TC /analyze- /errorReport:prompt ..\Modules\bz2module.c "E:\documents\python\hello\Python-2.7.11\externals\bzip2-1.0.6\\blocksort.c" "E:\documents\python\hello\Python-2.7.11\externals\bzip2-1.0.6\\bzlib.c" "E:\documents\python\hello\Python-2.7.11\externals\bzip2-1.0.6\\compress.c" "E:\documents\python\hello\Python-2.7.11\externals\bzip2-1.0.6\\crctable.c" "E:\documents\python\hello\Python-2.7.11\externals\bzip2-1.0.6\\decompress.c" "E:\documents\python\hello\Python-2.7.11\externals\bzip2-1.0.6\\huffman.c" "E:\documents\python\hello\Python-2.7.11\externals\bzip2-1.0.6\\randtable.c"
         bz2module.c
     1>..\Modules\bz2module.c(12): fatal error C1083: 无法打开包括文件:“bzlib.h”: No such file or directory
         blocksort.c
     1>c1 : fatal error C1083: 无法打开源文件:“E:\documents\python\hello\Python-2.7.11\externals\bzip2-1.0.6\\blocksort.c”: No such file or directory
         bzlib.c
     1>c1 : fatal error C1083: 无法打开源文件:“E:\documents\python\hello\Python-2.7.11\externals\bzip2-1.0.6\\bzlib.c”: No such file or directory
         compress.c
     1>c1 : fatal error C1083: 无法打开源文件:“E:\documents\python\hello\Python-2.7.11\externals\bzip2-1.0.6\\compress.c”: No such file or directory
         crctable.c
     1>c1 : fatal error C1083: 无法打开源文件:“E:\documents\python\hello\Python-2.7.11\externals\bzip2-1.0.6\\crctable.c”: No such file or directory
         decompress.c
     1>c1 : fatal error C1083: 无法打开源文件:“E:\documents\python\hello\Python-2.7.11\externals\bzip2-1.0.6\\decompress.c”: No such file or directory
         huffman.c
     1>c1 : fatal error C1083: 无法打开源文件:“E:\documents\python\hello\Python-2.7.11\externals\bzip2-1.0.6\\huffman.c”: No such file or directory
         randtable.c
     1>c1 : fatal error C1083: 无法打开源文件:“E:\documents\python\hello\Python-2.7.11\externals\bzip2-1.0.6\\randtable.c”: No such file or directory
     1>已完成生成项目“E:\documents\python\hello\Python-2.7.11\PCbuild\bz2.vcxproj”(Build 个目标)的操作 - 失败。

生成失败。

已用时间 00:00:00.26
