生成启动时间为 2016/4/4 18:56:01。
     1>项目“E:\documents\python\hello\Python-2.7.11\PCbuild\pyexpat.vcxproj”在节点 5 上(Build 个目标)。
     1>ClCompile:
         D:\Program Files (x86)\Microsoft Visual Studio 11.0\VC\bin\CL.exe /c /I"E:\documents\python\hello\Python-2.7.11\Modules\expat" /I"E:\documents\python\hello\Python-2.7.11\Include" /I"E:\documents\python\hello\Python-2.7.11\PC" /Zi /nologo /W3 /WX- /O2 /Oi /Oy- /GL /D PYEXPAT_EXPORTS /D HAVE_EXPAT_H /D XML_NS /D XML_DTD /D BYTEORDER=1234 /D XML_CONTEXT_BYTES=1024 /D XML_STATIC /D HAVE_MEMMOVE /D WIN32 /D _WIN32 /D NDEBUG /D Py_BUILD_CORE_MODULE /D _WINDLL /GF /Gm- /MD /GS /Gy /fp:precise /Zc:wchar_t /Zc:forScope /Fo"E:\documents\python\hello\Python-2.7.11\PCbuild\obj\win32_Release\pyexpat\\" /Fd"E:\documents\python\hello\Python-2.7.11\PCbuild\obj\win32_Release\pyexpat\vc110.pdb" /Gd /TC /analyze- /errorReport:prompt ..\Modules\pyexpat.c ..\Modules\expat\xmlparse.c ..\Modules\expat\xmlrole.c ..\Modules\expat\xmltok.c
         pyexpat.c
         xmlparse.c
         xmlrole.c
         xmltok.c
       Link:
         D:\Program Files (x86)\Microsoft Visual Studio 11.0\VC\bin\link.exe /ERRORREPORT:PROMPT /OUT:"E:\documents\python\hello\Python-2.7.11\PCBuild\pyexpat.pyd" /NOLOGO /LIBPATH:"E:\documents\python\hello\Python-2.7.11\PCBuild\\" kernel32.lib user32.lib gdi32.lib winspool.lib comdlg32.lib advapi32.lib shell32.lib ole32.lib oleaut32.lib uuid.lib odbc32.lib odbccp32.lib /NODEFAULTLIB:LIBC /MANIFEST /MANIFESTUAC:"level='asInvoker' uiAccess='false'" /manifest:embed /DEBUG /PDB:"E:\documents\python\hello\Python-2.7.11\PCBuild\pyexpat.pdb" /SUBSYSTEM:WINDOWS /LTCG /TLBID:1 /DYNAMICBASE /NXCOMPAT /IMPLIB:"E:\documents\python\hello\Python-2.7.11\PCBuild\pyexpat.lib" /MACHINE:X86 /SAFESEH /DLL "E:\documents\python\hello\Python-2.7.11\PCbuild\obj\win32_Release\pyexpat\pyexpat.obj"
         "E:\documents\python\hello\Python-2.7.11\PCbuild\obj\win32_Release\pyexpat\xmlparse.obj"
         "E:\documents\python\hello\Python-2.7.11\PCbuild\obj\win32_Release\pyexpat\xmlrole.obj"
         "E:\documents\python\hello\Python-2.7.11\PCbuild\obj\win32_Release\pyexpat\xmltok.obj"
         "E:\documents\python\hello\Python-2.7.11\PCBuild\python27.lib"
            正在创建库 E:\documents\python\hello\Python-2.7.11\PCBuild\pyexpat.lib 和对象 E:\documents\python\hello\Python-2.7.11\PCBuild\pyexpat.exp
         正在生成代码
         已完成代码的生成
         pyexpat.vcxproj -> E:\documents\python\hello\Python-2.7.11\PCBuild\pyexpat.pyd
     1>已完成生成项目“E:\documents\python\hello\Python-2.7.11\PCbuild\pyexpat.vcxproj”(Build 个目标)的操作。

生成成功。

已用时间 00:00:01.19
