E:\DOCUMENTS\PYTHON\HELLO\HELLO\DEBUG\HELLO.OBJ
E:\DOCUMENTS\PYTHON\HELLO\HELLO\DEBUG\STDAFX.OBJ
E:\DOCUMENTS\PYTHON\HELLO\HELLO\DEBUG\VC110.PDB
E:\documents\python\hello\Debug\hello.lib
E:\documents\python\hello\Debug\hello.exp
E:\DOCUMENTS\PYTHON\HELLO\DEBUG\HELLO.ILK
E:\DOCUMENTS\PYTHON\HELLO\DEBUG\HELLO.EXE
E:\DOCUMENTS\PYTHON\HELLO\DEBUG\HELLO.PDB
E:\documents\python\hello\hello\Debug\hello.obj
E:\documents\python\hello\hello\Debug\stdafx.obj
E:\documents\python\hello\hello\Debug\cl.command.1.tlog
E:\documents\python\hello\hello\Debug\CL.read.1.tlog
E:\documents\python\hello\hello\Debug\CL.write.1.tlog
E:\documents\python\hello\hello\Debug\hello.write.1.tlog
E:\documents\python\hello\hello\Debug\link-cvtres.read.1.tlog
E:\documents\python\hello\hello\Debug\link-cvtres.write.1.tlog
E:\documents\python\hello\hello\Debug\link-rc.read.1.tlog
E:\documents\python\hello\hello\Debug\link-rc.write.1.tlog
E:\documents\python\hello\hello\Debug\link.1900.read.1.tlog
E:\documents\python\hello\hello\Debug\link.1900.write.1.tlog
E:\documents\python\hello\hello\Debug\link.command.1.tlog
E:\documents\python\hello\hello\Debug\link.read.1.tlog
E:\documents\python\hello\hello\Debug\link.write.1.tlog
E:\documents\python\hello\hello\Debug\vc110.idb
E:\documents\python\hello\hello\Debug\vc110.pdb
E:\documents\python\hello\Debug\hello.pdb
E:\documents\python\hello\Debug\hello.exe
E:\documents\python\hello\Debug\hello.ilk
