E:\DOCUMENTS\PYTHON\HELLO\PYTHON-2.7.11\PC\VS9.0\WIN32-TEMP-RELEASE\PYTHONCORE\CMATHMODULE.OBJ
E:\DOCUMENTS\PYTHON\HELLO\PYTHON-2.7.11\PC\VS9.0\WIN32-TEMP-RELEASE\PYTHONCORE\BINASCII.OBJ
E:\DOCUMENTS\PYTHON\HELLO\PYTHON-2.7.11\PC\VS9.0\WIN32-TEMP-RELEASE\PYTHONCORE\AUDIOOP.OBJ
E:\DOCUMENTS\PYTHON\HELLO\PYTHON-2.7.11\PC\VS9.0\WIN32-TEMP-RELEASE\PYTHONCORE\ARRAYMODULE.OBJ
E:\DOCUMENTS\PYTHON\HELLO\PYTHON-2.7.11\PC\VS9.0\WIN32-TEMP-RELEASE\PYTHONCORE\_WEAKREF.OBJ
E:\DOCUMENTS\PYTHON\HELLO\PYTHON-2.7.11\PC\VS9.0\WIN32-TEMP-RELEASE\PYTHONCORE\_STRUCT.OBJ
E:\DOCUMENTS\PYTHON\HELLO\PYTHON-2.7.11\PC\VS9.0\WIN32-TEMP-RELEASE\PYTHONCORE\_SRE.OBJ
E:\DOCUMENTS\PYTHON\HELLO\PYTHON-2.7.11\PC\VS9.0\WIN32-TEMP-RELEASE\PYTHONCORE\_RANDOMMODULE.OBJ
E:\DOCUMENTS\PYTHON\HELLO\PYTHON-2.7.11\PC\VS9.0\WIN32-TEMP-RELEASE\PYTHONCORE\_MATH.OBJ
E:\DOCUMENTS\PYTHON\HELLO\PYTHON-2.7.11\PC\VS9.0\WIN32-TEMP-RELEASE\PYTHONCORE\_LSPROF.OBJ
E:\DOCUMENTS\PYTHON\HELLO\PYTHON-2.7.11\PC\VS9.0\WIN32-TEMP-RELEASE\PYTHONCORE\_LOCALEMODULE.OBJ
E:\DOCUMENTS\PYTHON\HELLO\PYTHON-2.7.11\PC\VS9.0\WIN32-TEMP-RELEASE\PYTHONCORE\_JSON.OBJ
E:\DOCUMENTS\PYTHON\HELLO\PYTHON-2.7.11\PC\VS9.0\WIN32-TEMP-RELEASE\PYTHONCORE\_HOTSHOT.OBJ
E:\DOCUMENTS\PYTHON\HELLO\PYTHON-2.7.11\PC\VS9.0\WIN32-TEMP-RELEASE\PYTHONCORE\_HEAPQMODULE.OBJ
E:\DOCUMENTS\PYTHON\HELLO\PYTHON-2.7.11\PC\VS9.0\WIN32-TEMP-RELEASE\PYTHONCORE\_FUNCTOOLSMODULE.OBJ
E:\DOCUMENTS\PYTHON\HELLO\PYTHON-2.7.11\PC\VS9.0\WIN32-TEMP-RELEASE\PYTHONCORE\_CSV.OBJ
E:\DOCUMENTS\PYTHON\HELLO\PYTHON-2.7.11\PC\VS9.0\WIN32-TEMP-RELEASE\PYTHONCORE\_COLLECTIONSMODULE.OBJ
E:\DOCUMENTS\PYTHON\HELLO\PYTHON-2.7.11\PC\VS9.0\WIN32-TEMP-RELEASE\PYTHONCORE\_CODECSMODULE.OBJ
E:\DOCUMENTS\PYTHON\HELLO\PYTHON-2.7.11\PC\VS9.0\WIN32-TEMP-RELEASE\PYTHONCORE\_BISECTMODULE.OBJ
E:\DOCUMENTS\PYTHON\HELLO\PYTHON-2.7.11\PC\VS9.0\WIN32-TEMP-RELEASE\PYTHONCORE\GETBUILDINFO.OBJ
E:\DOCUMENTS\PYTHON\HELLO\PYTHON-2.7.11\PC\VS9.0\WIN32-TEMP-RELEASE\PYTHONCORE\SHAMODULE.OBJ
E:\DOCUMENTS\PYTHON\HELLO\PYTHON-2.7.11\PC\VS9.0\WIN32-TEMP-RELEASE\PYTHONCORE\SHA512MODULE.OBJ
E:\DOCUMENTS\PYTHON\HELLO\PYTHON-2.7.11\PC\VS9.0\WIN32-TEMP-RELEASE\PYTHONCORE\SHA256MODULE.OBJ
E:\DOCUMENTS\PYTHON\HELLO\PYTHON-2.7.11\PC\VS9.0\WIN32-TEMP-RELEASE\PYTHONCORE\ROTATINGTREE.OBJ
E:\DOCUMENTS\PYTHON\HELLO\PYTHON-2.7.11\PC\VS9.0\WIN32-TEMP-RELEASE\PYTHONCORE\POSIXMODULE.OBJ
E:\DOCUMENTS\PYTHON\HELLO\PYTHON-2.7.11\PC\VS9.0\WIN32-TEMP-RELEASE\PYTHONCORE\PARSERMODULE.OBJ
E:\DOCUMENTS\PYTHON\HELLO\PYTHON-2.7.11\PC\VS9.0\WIN32-TEMP-RELEASE\PYTHONCORE\OPERATOR.OBJ
E:\DOCUMENTS\PYTHON\HELLO\PYTHON-2.7.11\PC\VS9.0\WIN32-TEMP-RELEASE\PYTHONCORE\MMAPMODULE.OBJ
E:\DOCUMENTS\PYTHON\HELLO\PYTHON-2.7.11\PC\VS9.0\WIN32-TEMP-RELEASE\PYTHONCORE\MD5MODULE.OBJ
E:\DOCUMENTS\PYTHON\HELLO\PYTHON-2.7.11\PC\VS9.0\WIN32-TEMP-RELEASE\PYTHONCORE\MD5.OBJ
E:\DOCUMENTS\PYTHON\HELLO\PYTHON-2.7.11\PC\VS9.0\WIN32-TEMP-RELEASE\PYTHONCORE\MATHMODULE.OBJ
E:\DOCUMENTS\PYTHON\HELLO\PYTHON-2.7.11\PC\VS9.0\WIN32-TEMP-RELEASE\PYTHONCORE\MAIN.OBJ
E:\DOCUMENTS\PYTHON\HELLO\PYTHON-2.7.11\PC\VS9.0\WIN32-TEMP-RELEASE\PYTHONCORE\ITERTOOLSMODULE.OBJ
E:\DOCUMENTS\PYTHON\HELLO\PYTHON-2.7.11\PC\VS9.0\WIN32-TEMP-RELEASE\PYTHONCORE\IMAGEOP.OBJ
E:\DOCUMENTS\PYTHON\HELLO\PYTHON-2.7.11\PC\VS9.0\WIN32-TEMP-RELEASE\PYTHONCORE\GCMODULE.OBJ
E:\DOCUMENTS\PYTHON\HELLO\PYTHON-2.7.11\PC\VS9.0\WIN32-TEMP-RELEASE\PYTHONCORE\FUTURE_BUILTINS.OBJ
E:\DOCUMENTS\PYTHON\HELLO\PYTHON-2.7.11\PC\VS9.0\WIN32-TEMP-RELEASE\PYTHONCORE\ERRNOMODULE.OBJ
E:\DOCUMENTS\PYTHON\HELLO\PYTHON-2.7.11\PC\VS9.0\WIN32-TEMP-RELEASE\PYTHONCORE\DATETIMEMODULE.OBJ
E:\DOCUMENTS\PYTHON\HELLO\PYTHON-2.7.11\PC\VS9.0\WIN32-TEMP-RELEASE\PYTHONCORE\CSTRINGIO.OBJ
E:\DOCUMENTS\PYTHON\HELLO\PYTHON-2.7.11\PC\VS9.0\WIN32-TEMP-RELEASE\PYTHONCORE\CPICKLE.OBJ
E:\DOCUMENTS\PYTHON\HELLO\PYTHON-2.7.11\PC\VS9.0\WIN32-TEMP-RELEASE\PYTHONCORE\INFTREES.OBJ
E:\DOCUMENTS\PYTHON\HELLO\PYTHON-2.7.11\PC\VS9.0\WIN32-TEMP-RELEASE\PYTHONCORE\INFLATE.OBJ
E:\DOCUMENTS\PYTHON\HELLO\PYTHON-2.7.11\PC\VS9.0\WIN32-TEMP-RELEASE\PYTHONCORE\INFFAST.OBJ
E:\DOCUMENTS\PYTHON\HELLO\PYTHON-2.7.11\PC\VS9.0\WIN32-TEMP-RELEASE\PYTHONCORE\INFBACK.OBJ
E:\DOCUMENTS\PYTHON\HELLO\PYTHON-2.7.11\PC\VS9.0\WIN32-TEMP-RELEASE\PYTHONCORE\GZWRITE.OBJ
E:\DOCUMENTS\PYTHON\HELLO\PYTHON-2.7.11\PC\VS9.0\WIN32-TEMP-RELEASE\PYTHONCORE\GZREAD.OBJ
E:\DOCUMENTS\PYTHON\HELLO\PYTHON-2.7.11\PC\VS9.0\WIN32-TEMP-RELEASE\PYTHONCORE\GZLIB.OBJ
E:\DOCUMENTS\PYTHON\HELLO\PYTHON-2.7.11\PC\VS9.0\WIN32-TEMP-RELEASE\PYTHONCORE\GZCLOSE.OBJ
E:\DOCUMENTS\PYTHON\HELLO\PYTHON-2.7.11\PC\VS9.0\WIN32-TEMP-RELEASE\PYTHONCORE\DEFLATE.OBJ
E:\DOCUMENTS\PYTHON\HELLO\PYTHON-2.7.11\PC\VS9.0\WIN32-TEMP-RELEASE\PYTHONCORE\CRC32.OBJ
E:\DOCUMENTS\PYTHON\HELLO\PYTHON-2.7.11\PC\VS9.0\WIN32-TEMP-RELEASE\PYTHONCORE\COMPRESS.OBJ
E:\DOCUMENTS\PYTHON\HELLO\PYTHON-2.7.11\PC\VS9.0\WIN32-TEMP-RELEASE\PYTHONCORE\ADLER32.OBJ
E:\DOCUMENTS\PYTHON\HELLO\PYTHON-2.7.11\PC\VS9.0\WIN32-TEMP-RELEASE\PYTHONCORE\ZLIBMODULE.OBJ
E:\DOCUMENTS\PYTHON\HELLO\PYTHON-2.7.11\PC\VS9.0\WIN32-TEMP-RELEASE\PYTHONCORE\ZIPIMPORT.OBJ
E:\DOCUMENTS\PYTHON\HELLO\PYTHON-2.7.11\PC\VS9.0\WIN32-TEMP-RELEASE\PYTHONCORE\XXSUBTYPE.OBJ
E:\DOCUMENTS\PYTHON\HELLO\PYTHON-2.7.11\PC\VS9.0\WIN32-TEMP-RELEASE\PYTHONCORE\TIMEMODULE.OBJ
E:\DOCUMENTS\PYTHON\HELLO\PYTHON-2.7.11\PC\VS9.0\WIN32-TEMP-RELEASE\PYTHONCORE\THREADMODULE.OBJ
E:\DOCUMENTS\PYTHON\HELLO\PYTHON-2.7.11\PC\VS9.0\WIN32-TEMP-RELEASE\PYTHONCORE\SYMTABLEMODULE.OBJ
E:\DOCUMENTS\PYTHON\HELLO\PYTHON-2.7.11\PC\VS9.0\WIN32-TEMP-RELEASE\PYTHONCORE\STROPMODULE.OBJ
E:\DOCUMENTS\PYTHON\HELLO\PYTHON-2.7.11\PC\VS9.0\WIN32-TEMP-RELEASE\PYTHONCORE\SIGNALMODULE.OBJ
E:\DOCUMENTS\PYTHON\HELLO\PYTHON-2.7.11\PC\VS9.0\WIN32-TEMP-RELEASE\PYTHONCORE\BUFFEROBJECT.OBJ
E:\DOCUMENTS\PYTHON\HELLO\PYTHON-2.7.11\PC\VS9.0\WIN32-TEMP-RELEASE\PYTHONCORE\BOOLOBJECT.OBJ
E:\DOCUMENTS\PYTHON\HELLO\PYTHON-2.7.11\PC\VS9.0\WIN32-TEMP-RELEASE\PYTHONCORE\ABSTRACT.OBJ
E:\DOCUMENTS\PYTHON\HELLO\PYTHON-2.7.11\PC\VS9.0\WIN32-TEMP-RELEASE\PYTHONCORE\TEXTIO.OBJ
E:\DOCUMENTS\PYTHON\HELLO\PYTHON-2.7.11\PC\VS9.0\WIN32-TEMP-RELEASE\PYTHONCORE\STRINGIO.OBJ
E:\DOCUMENTS\PYTHON\HELLO\PYTHON-2.7.11\PC\VS9.0\WIN32-TEMP-RELEASE\PYTHONCORE\IOBASE.OBJ
E:\DOCUMENTS\PYTHON\HELLO\PYTHON-2.7.11\PC\VS9.0\WIN32-TEMP-RELEASE\PYTHONCORE\FILEIO.OBJ
E:\DOCUMENTS\PYTHON\HELLO\PYTHON-2.7.11\PC\VS9.0\WIN32-TEMP-RELEASE\PYTHONCORE\BYTESIO.OBJ
E:\DOCUMENTS\PYTHON\HELLO\PYTHON-2.7.11\PC\VS9.0\WIN32-TEMP-RELEASE\PYTHONCORE\BUFFEREDIO.OBJ
E:\DOCUMENTS\PYTHON\HELLO\PYTHON-2.7.11\PC\VS9.0\WIN32-TEMP-RELEASE\PYTHONCORE\_IOMODULE.OBJ
E:\DOCUMENTS\PYTHON\HELLO\PYTHON-2.7.11\PC\VS9.0\WIN32-TEMP-RELEASE\PYTHONCORE\MULTIBYTECODEC.OBJ
E:\DOCUMENTS\PYTHON\HELLO\PYTHON-2.7.11\PC\VS9.0\WIN32-TEMP-RELEASE\PYTHONCORE\_CODECS_TW.OBJ
E:\DOCUMENTS\PYTHON\HELLO\PYTHON-2.7.11\PC\VS9.0\WIN32-TEMP-RELEASE\PYTHONCORE\_CODECS_KR.OBJ
E:\DOCUMENTS\PYTHON\HELLO\PYTHON-2.7.11\PC\VS9.0\WIN32-TEMP-RELEASE\PYTHONCORE\_CODECS_JP.OBJ
E:\DOCUMENTS\PYTHON\HELLO\PYTHON-2.7.11\PC\VS9.0\WIN32-TEMP-RELEASE\PYTHONCORE\_CODECS_ISO2022.OBJ
E:\DOCUMENTS\PYTHON\HELLO\PYTHON-2.7.11\PC\VS9.0\WIN32-TEMP-RELEASE\PYTHONCORE\_CODECS_HK.OBJ
E:\DOCUMENTS\PYTHON\HELLO\PYTHON-2.7.11\PC\VS9.0\WIN32-TEMP-RELEASE\PYTHONCORE\_CODECS_CN.OBJ
E:\DOCUMENTS\PYTHON\HELLO\PYTHON-2.7.11\PC\VS9.0\WIN32-TEMP-RELEASE\PYTHONCORE\ZUTIL.OBJ
E:\DOCUMENTS\PYTHON\HELLO\PYTHON-2.7.11\PC\VS9.0\WIN32-TEMP-RELEASE\PYTHONCORE\UNCOMPR.OBJ
E:\DOCUMENTS\PYTHON\HELLO\PYTHON-2.7.11\PC\VS9.0\WIN32-TEMP-RELEASE\PYTHONCORE\TREES.OBJ
E:\DOCUMENTS\PYTHON\HELLO\PYTHON-2.7.11\PC\VS9.0\WIN32-TEMP-RELEASE\PYTHONCORE\LISTOBJECT.OBJ
E:\DOCUMENTS\PYTHON\HELLO\PYTHON-2.7.11\PC\VS9.0\WIN32-TEMP-RELEASE\PYTHONCORE\ITEROBJECT.OBJ
E:\DOCUMENTS\PYTHON\HELLO\PYTHON-2.7.11\PC\VS9.0\WIN32-TEMP-RELEASE\PYTHONCORE\INTOBJECT.OBJ
E:\DOCUMENTS\PYTHON\HELLO\PYTHON-2.7.11\PC\VS9.0\WIN32-TEMP-RELEASE\PYTHONCORE\GENOBJECT.OBJ
E:\DOCUMENTS\PYTHON\HELLO\PYTHON-2.7.11\PC\VS9.0\WIN32-TEMP-RELEASE\PYTHONCORE\FUNCOBJECT.OBJ
E:\DOCUMENTS\PYTHON\HELLO\PYTHON-2.7.11\PC\VS9.0\WIN32-TEMP-RELEASE\PYTHONCORE\FRAMEOBJECT.OBJ
E:\DOCUMENTS\PYTHON\HELLO\PYTHON-2.7.11\PC\VS9.0\WIN32-TEMP-RELEASE\PYTHONCORE\FLOATOBJECT.OBJ
E:\DOCUMENTS\PYTHON\HELLO\PYTHON-2.7.11\PC\VS9.0\WIN32-TEMP-RELEASE\PYTHONCORE\FILEOBJECT.OBJ
E:\DOCUMENTS\PYTHON\HELLO\PYTHON-2.7.11\PC\VS9.0\WIN32-TEMP-RELEASE\PYTHONCORE\EXCEPTIONS.OBJ
E:\DOCUMENTS\PYTHON\HELLO\PYTHON-2.7.11\PC\VS9.0\WIN32-TEMP-RELEASE\PYTHONCORE\ENUMOBJECT.OBJ
E:\DOCUMENTS\PYTHON\HELLO\PYTHON-2.7.11\PC\VS9.0\WIN32-TEMP-RELEASE\PYTHONCORE\DICTOBJECT.OBJ
E:\DOCUMENTS\PYTHON\HELLO\PYTHON-2.7.11\PC\VS9.0\WIN32-TEMP-RELEASE\PYTHONCORE\DESCROBJECT.OBJ
E:\DOCUMENTS\PYTHON\HELLO\PYTHON-2.7.11\PC\VS9.0\WIN32-TEMP-RELEASE\PYTHONCORE\COMPLEXOBJECT.OBJ
E:\DOCUMENTS\PYTHON\HELLO\PYTHON-2.7.11\PC\VS9.0\WIN32-TEMP-RELEASE\PYTHONCORE\CODEOBJECT.OBJ
E:\DOCUMENTS\PYTHON\HELLO\PYTHON-2.7.11\PC\VS9.0\WIN32-TEMP-RELEASE\PYTHONCORE\COBJECT.OBJ
E:\DOCUMENTS\PYTHON\HELLO\PYTHON-2.7.11\PC\VS9.0\WIN32-TEMP-RELEASE\PYTHONCORE\CLASSOBJECT.OBJ
E:\DOCUMENTS\PYTHON\HELLO\PYTHON-2.7.11\PC\VS9.0\WIN32-TEMP-RELEASE\PYTHONCORE\CELLOBJECT.OBJ
E:\DOCUMENTS\PYTHON\HELLO\PYTHON-2.7.11\PC\VS9.0\WIN32-TEMP-RELEASE\PYTHONCORE\CAPSULE.OBJ
E:\DOCUMENTS\PYTHON\HELLO\PYTHON-2.7.11\PC\VS9.0\WIN32-TEMP-RELEASE\PYTHONCORE\BYTEARRAYOBJECT.OBJ
E:\DOCUMENTS\PYTHON\HELLO\PYTHON-2.7.11\PC\VS9.0\WIN32-TEMP-RELEASE\PYTHONCORE\BYTES_METHODS.OBJ
E:\DOCUMENTS\PYTHON\HELLO\PYTHON-2.7.11\PC\VS9.0\WIN32-TEMP-RELEASE\PYTHONCORE\GRAMMAR.OBJ
E:\DOCUMENTS\PYTHON\HELLO\PYTHON-2.7.11\PC\VS9.0\WIN32-TEMP-RELEASE\PYTHONCORE\FIRSTSETS.OBJ
E:\DOCUMENTS\PYTHON\HELLO\PYTHON-2.7.11\PC\VS9.0\WIN32-TEMP-RELEASE\PYTHONCORE\BITSET.OBJ
E:\DOCUMENTS\PYTHON\HELLO\PYTHON-2.7.11\PC\VS9.0\WIN32-TEMP-RELEASE\PYTHONCORE\ACCELER.OBJ
E:\DOCUMENTS\PYTHON\HELLO\PYTHON-2.7.11\PC\VS9.0\WIN32-TEMP-RELEASE\PYTHONCORE\WEAKREFOBJECT.OBJ
E:\DOCUMENTS\PYTHON\HELLO\PYTHON-2.7.11\PC\VS9.0\WIN32-TEMP-RELEASE\PYTHONCORE\UNICODEOBJECT.OBJ
E:\DOCUMENTS\PYTHON\HELLO\PYTHON-2.7.11\PC\VS9.0\WIN32-TEMP-RELEASE\PYTHONCORE\UNICODECTYPE.OBJ
E:\DOCUMENTS\PYTHON\HELLO\PYTHON-2.7.11\PC\VS9.0\WIN32-TEMP-RELEASE\PYTHONCORE\TYPEOBJECT.OBJ
E:\DOCUMENTS\PYTHON\HELLO\PYTHON-2.7.11\PC\VS9.0\WIN32-TEMP-RELEASE\PYTHONCORE\TUPLEOBJECT.OBJ
E:\DOCUMENTS\PYTHON\HELLO\PYTHON-2.7.11\PC\VS9.0\WIN32-TEMP-RELEASE\PYTHONCORE\STRUCTSEQ.OBJ
E:\DOCUMENTS\PYTHON\HELLO\PYTHON-2.7.11\PC\VS9.0\WIN32-TEMP-RELEASE\PYTHONCORE\STRINGOBJECT.OBJ
E:\DOCUMENTS\PYTHON\HELLO\PYTHON-2.7.11\PC\VS9.0\WIN32-TEMP-RELEASE\PYTHONCORE\SLICEOBJECT.OBJ
E:\DOCUMENTS\PYTHON\HELLO\PYTHON-2.7.11\PC\VS9.0\WIN32-TEMP-RELEASE\PYTHONCORE\SETOBJECT.OBJ
E:\DOCUMENTS\PYTHON\HELLO\PYTHON-2.7.11\PC\VS9.0\WIN32-TEMP-RELEASE\PYTHONCORE\RANGEOBJECT.OBJ
E:\DOCUMENTS\PYTHON\HELLO\PYTHON-2.7.11\PC\VS9.0\WIN32-TEMP-RELEASE\PYTHONCORE\OBMALLOC.OBJ
E:\DOCUMENTS\PYTHON\HELLO\PYTHON-2.7.11\PC\VS9.0\WIN32-TEMP-RELEASE\PYTHONCORE\OBJECT.OBJ
E:\DOCUMENTS\PYTHON\HELLO\PYTHON-2.7.11\PC\VS9.0\WIN32-TEMP-RELEASE\PYTHONCORE\MODULEOBJECT.OBJ
E:\DOCUMENTS\PYTHON\HELLO\PYTHON-2.7.11\PC\VS9.0\WIN32-TEMP-RELEASE\PYTHONCORE\METHODOBJECT.OBJ
E:\DOCUMENTS\PYTHON\HELLO\PYTHON-2.7.11\PC\VS9.0\WIN32-TEMP-RELEASE\PYTHONCORE\MEMORYOBJECT.OBJ
E:\DOCUMENTS\PYTHON\HELLO\PYTHON-2.7.11\PC\VS9.0\WIN32-TEMP-RELEASE\PYTHONCORE\LONGOBJECT.OBJ
E:\DOCUMENTS\PYTHON\HELLO\PYTHON-2.7.11\PC\VS9.0\WIN32-TEMP-RELEASE\PYTHONCORE\CEVAL.OBJ
E:\DOCUMENTS\PYTHON\HELLO\PYTHON-2.7.11\PC\VS9.0\WIN32-TEMP-RELEASE\PYTHONCORE\BLTINMODULE.OBJ
E:\DOCUMENTS\PYTHON\HELLO\PYTHON-2.7.11\PC\VS9.0\WIN32-TEMP-RELEASE\PYTHONCORE\AST.OBJ
E:\DOCUMENTS\PYTHON\HELLO\PYTHON-2.7.11\PC\VS9.0\WIN32-TEMP-RELEASE\PYTHONCORE\ASDL.OBJ
E:\DOCUMENTS\PYTHON\HELLO\PYTHON-2.7.11\PC\VS9.0\WIN32-TEMP-RELEASE\PYTHONCORE\_WARNINGS.OBJ
E:\DOCUMENTS\PYTHON\HELLO\PYTHON-2.7.11\PC\VS9.0\WIN32-TEMP-RELEASE\PYTHONCORE\MSVCRTMODULE.OBJ
E:\DOCUMENTS\PYTHON\HELLO\PYTHON-2.7.11\PC\VS9.0\WIN32-TEMP-RELEASE\PYTHONCORE\IMPORT_NT.OBJ
E:\DOCUMENTS\PYTHON\HELLO\PYTHON-2.7.11\PC\VS9.0\WIN32-TEMP-RELEASE\PYTHONCORE\GETPATHP.OBJ
E:\DOCUMENTS\PYTHON\HELLO\PYTHON-2.7.11\PC\VS9.0\WIN32-TEMP-RELEASE\PYTHONCORE\DL_NT.OBJ
E:\DOCUMENTS\PYTHON\HELLO\PYTHON-2.7.11\PC\VS9.0\WIN32-TEMP-RELEASE\PYTHONCORE\CONFIG.OBJ
E:\DOCUMENTS\PYTHON\HELLO\PYTHON-2.7.11\PC\VS9.0\WIN32-TEMP-RELEASE\PYTHONCORE\_WINREG.OBJ
E:\DOCUMENTS\PYTHON\HELLO\PYTHON-2.7.11\PC\VS9.0\WIN32-TEMP-RELEASE\PYTHONCORE\_SUBPROCESS.OBJ
E:\DOCUMENTS\PYTHON\HELLO\PYTHON-2.7.11\PC\VS9.0\WIN32-TEMP-RELEASE\PYTHONCORE\TOKENIZER.OBJ
E:\DOCUMENTS\PYTHON\HELLO\PYTHON-2.7.11\PC\VS9.0\WIN32-TEMP-RELEASE\PYTHONCORE\PARSETOK.OBJ
E:\DOCUMENTS\PYTHON\HELLO\PYTHON-2.7.11\PC\VS9.0\WIN32-TEMP-RELEASE\PYTHONCORE\PARSER.OBJ
E:\DOCUMENTS\PYTHON\HELLO\PYTHON-2.7.11\PC\VS9.0\WIN32-TEMP-RELEASE\PYTHONCORE\NODE.OBJ
E:\DOCUMENTS\PYTHON\HELLO\PYTHON-2.7.11\PC\VS9.0\WIN32-TEMP-RELEASE\PYTHONCORE\MYREADLINE.OBJ
E:\DOCUMENTS\PYTHON\HELLO\PYTHON-2.7.11\PC\VS9.0\WIN32-TEMP-RELEASE\PYTHONCORE\METAGRAMMAR.OBJ
E:\DOCUMENTS\PYTHON\HELLO\PYTHON-2.7.11\PC\VS9.0\WIN32-TEMP-RELEASE\PYTHONCORE\LISTNODE.OBJ
E:\DOCUMENTS\PYTHON\HELLO\PYTHON-2.7.11\PC\VS9.0\WIN32-TEMP-RELEASE\PYTHONCORE\GRAMMAR1.OBJ
E:\DOCUMENTS\PYTHON\HELLO\PYTHON-2.7.11\PC\VS9.0\WIN32-TEMP-RELEASE\PYTHONCORE\MODSUPPORT.OBJ
E:\DOCUMENTS\PYTHON\HELLO\PYTHON-2.7.11\PC\VS9.0\WIN32-TEMP-RELEASE\PYTHONCORE\MARSHAL.OBJ
E:\DOCUMENTS\PYTHON\HELLO\PYTHON-2.7.11\PC\VS9.0\WIN32-TEMP-RELEASE\PYTHONCORE\IMPORTDL.OBJ
E:\DOCUMENTS\PYTHON\HELLO\PYTHON-2.7.11\PC\VS9.0\WIN32-TEMP-RELEASE\PYTHONCORE\IMPORT.OBJ
E:\DOCUMENTS\PYTHON\HELLO\PYTHON-2.7.11\PC\VS9.0\WIN32-TEMP-RELEASE\PYTHONCORE\GRAMINIT.OBJ
E:\DOCUMENTS\PYTHON\HELLO\PYTHON-2.7.11\PC\VS9.0\WIN32-TEMP-RELEASE\PYTHONCORE\GETVERSION.OBJ
E:\DOCUMENTS\PYTHON\HELLO\PYTHON-2.7.11\PC\VS9.0\WIN32-TEMP-RELEASE\PYTHONCORE\GETPLATFORM.OBJ
E:\DOCUMENTS\PYTHON\HELLO\PYTHON-2.7.11\PC\VS9.0\WIN32-TEMP-RELEASE\PYTHONCORE\GETOPT.OBJ
E:\DOCUMENTS\PYTHON\HELLO\PYTHON-2.7.11\PC\VS9.0\WIN32-TEMP-RELEASE\PYTHONCORE\GETCOPYRIGHT.OBJ
E:\DOCUMENTS\PYTHON\HELLO\PYTHON-2.7.11\PC\VS9.0\WIN32-TEMP-RELEASE\PYTHONCORE\GETCOMPILER.OBJ
E:\DOCUMENTS\PYTHON\HELLO\PYTHON-2.7.11\PC\VS9.0\WIN32-TEMP-RELEASE\PYTHONCORE\GETARGS.OBJ
E:\DOCUMENTS\PYTHON\HELLO\PYTHON-2.7.11\PC\VS9.0\WIN32-TEMP-RELEASE\PYTHONCORE\FUTURE.OBJ
E:\DOCUMENTS\PYTHON\HELLO\PYTHON-2.7.11\PC\VS9.0\WIN32-TEMP-RELEASE\PYTHONCORE\FROZEN.OBJ
E:\DOCUMENTS\PYTHON\HELLO\PYTHON-2.7.11\PC\VS9.0\WIN32-TEMP-RELEASE\PYTHONCORE\FORMATTER_UNICODE.OBJ
E:\DOCUMENTS\PYTHON\HELLO\PYTHON-2.7.11\PC\VS9.0\WIN32-TEMP-RELEASE\PYTHONCORE\FORMATTER_STRING.OBJ
E:\DOCUMENTS\PYTHON\HELLO\PYTHON-2.7.11\PC\VS9.0\WIN32-TEMP-RELEASE\PYTHONCORE\ERRORS.OBJ
E:\DOCUMENTS\PYTHON\HELLO\PYTHON-2.7.11\PC\VS9.0\WIN32-TEMP-RELEASE\PYTHONCORE\DYNLOAD_WIN.OBJ
E:\DOCUMENTS\PYTHON\HELLO\PYTHON-2.7.11\PC\VS9.0\WIN32-TEMP-RELEASE\PYTHONCORE\DTOA.OBJ
E:\DOCUMENTS\PYTHON\HELLO\PYTHON-2.7.11\PC\VS9.0\WIN32-TEMP-RELEASE\PYTHONCORE\COMPILE.OBJ
E:\DOCUMENTS\PYTHON\HELLO\PYTHON-2.7.11\PC\VS9.0\WIN32-TEMP-RELEASE\PYTHONCORE\CODECS.OBJ
E:\DOCUMENTS\PYTHON\HELLO\PYTHON-2.7.11\PC\VS9.0\WIN32-TEMP-RELEASE\PYTHONCORE\TRACEBACK.OBJ
E:\DOCUMENTS\PYTHON\HELLO\PYTHON-2.7.11\PC\VS9.0\WIN32-TEMP-RELEASE\PYTHONCORE\THREAD.OBJ
E:\DOCUMENTS\PYTHON\HELLO\PYTHON-2.7.11\PC\VS9.0\WIN32-TEMP-RELEASE\PYTHONCORE\SYSMODULE.OBJ
E:\DOCUMENTS\PYTHON\HELLO\PYTHON-2.7.11\PC\VS9.0\WIN32-TEMP-RELEASE\PYTHONCORE\SYMTABLE.OBJ
E:\DOCUMENTS\PYTHON\HELLO\PYTHON-2.7.11\PC\VS9.0\WIN32-TEMP-RELEASE\PYTHONCORE\STRUCTMEMBER.OBJ
E:\DOCUMENTS\PYTHON\HELLO\PYTHON-2.7.11\PC\VS9.0\WIN32-TEMP-RELEASE\PYTHONCORE\RANDOM.OBJ
E:\DOCUMENTS\PYTHON\HELLO\PYTHON-2.7.11\PC\VS9.0\WIN32-TEMP-RELEASE\PYTHONCORE\PYTHONRUN.OBJ
E:\DOCUMENTS\PYTHON\HELLO\PYTHON-2.7.11\PC\VS9.0\WIN32-TEMP-RELEASE\PYTHONCORE\PYTHON-AST.OBJ
E:\DOCUMENTS\PYTHON\HELLO\PYTHON-2.7.11\PC\VS9.0\WIN32-TEMP-RELEASE\PYTHONCORE\PYSTRTOD.OBJ
E:\DOCUMENTS\PYTHON\HELLO\PYTHON-2.7.11\PC\VS9.0\WIN32-TEMP-RELEASE\PYTHONCORE\PYSTRCMP.OBJ
E:\DOCUMENTS\PYTHON\HELLO\PYTHON-2.7.11\PC\VS9.0\WIN32-TEMP-RELEASE\PYTHONCORE\PYSTATE.OBJ
E:\DOCUMENTS\PYTHON\HELLO\PYTHON-2.7.11\PC\VS9.0\WIN32-TEMP-RELEASE\PYTHONCORE\PYMATH.OBJ
E:\DOCUMENTS\PYTHON\HELLO\PYTHON-2.7.11\PC\VS9.0\WIN32-TEMP-RELEASE\PYTHONCORE\PYFPE.OBJ
E:\DOCUMENTS\PYTHON\HELLO\PYTHON-2.7.11\PC\VS9.0\WIN32-TEMP-RELEASE\PYTHONCORE\PYCTYPE.OBJ
E:\DOCUMENTS\PYTHON\HELLO\PYTHON-2.7.11\PC\VS9.0\WIN32-TEMP-RELEASE\PYTHONCORE\PYARENA.OBJ
E:\DOCUMENTS\PYTHON\HELLO\PYTHON-2.7.11\PC\VS9.0\WIN32-TEMP-RELEASE\PYTHONCORE\PEEPHOLE.OBJ
E:\DOCUMENTS\PYTHON\HELLO\PYTHON-2.7.11\PC\VS9.0\WIN32-TEMP-RELEASE\PYTHONCORE\MYSTRTOUL.OBJ
E:\DOCUMENTS\PYTHON\HELLO\PYTHON-2.7.11\PC\VS9.0\WIN32-TEMP-RELEASE\PYTHONCORE\MYSNPRINTF.OBJ
E:\DOCUMENTS\PYTHON\HELLO\PYTHON-2.7.11\PC\VS9.0\WIN32-TEMP-RELEASE\PYTHONCORE\VC110.PDB
E:\DOCUMENTS\PYTHON\HELLO\PYTHON-2.7.11\PC\VS9.0\PYTHONCORE.LIB
E:\DOCUMENTS\PYTHON\HELLO\PYTHON-2.7.11\PC\VS9.0\WIN32-TEMP-RELEASE\PYTHONCORE\PYTHON_NT.RES
E:\documents\python\hello\Python-2.7.11\PC\VS9.0\Win32-temp-Release\pythoncore\abstract.obj
E:\documents\python\hello\Python-2.7.11\PC\VS9.0\Win32-temp-Release\pythoncore\acceler.obj
E:\documents\python\hello\Python-2.7.11\PC\VS9.0\Win32-temp-Release\pythoncore\adler32.obj
E:\documents\python\hello\Python-2.7.11\PC\VS9.0\Win32-temp-Release\pythoncore\arraymodule.obj
E:\documents\python\hello\Python-2.7.11\PC\VS9.0\Win32-temp-Release\pythoncore\asdl.obj
E:\documents\python\hello\Python-2.7.11\PC\VS9.0\Win32-temp-Release\pythoncore\ast.obj
E:\documents\python\hello\Python-2.7.11\PC\VS9.0\Win32-temp-Release\pythoncore\audioop.obj
E:\documents\python\hello\Python-2.7.11\PC\VS9.0\Win32-temp-Release\pythoncore\binascii.obj
E:\documents\python\hello\Python-2.7.11\PC\VS9.0\Win32-temp-Release\pythoncore\bitset.obj
E:\documents\python\hello\Python-2.7.11\PC\VS9.0\Win32-temp-Release\pythoncore\bltinmodule.obj
E:\documents\python\hello\Python-2.7.11\PC\VS9.0\Win32-temp-Release\pythoncore\boolobject.obj
E:\documents\python\hello\Python-2.7.11\PC\VS9.0\Win32-temp-Release\pythoncore\bufferedio.obj
E:\documents\python\hello\Python-2.7.11\PC\VS9.0\Win32-temp-Release\pythoncore\bufferobject.obj
E:\documents\python\hello\Python-2.7.11\PC\VS9.0\Win32-temp-Release\pythoncore\bytearrayobject.obj
E:\documents\python\hello\Python-2.7.11\PC\VS9.0\Win32-temp-Release\pythoncore\bytesio.obj
E:\documents\python\hello\Python-2.7.11\PC\VS9.0\Win32-temp-Release\pythoncore\bytes_methods.obj
E:\documents\python\hello\Python-2.7.11\PC\VS9.0\Win32-temp-Release\pythoncore\capsule.obj
E:\documents\python\hello\Python-2.7.11\PC\VS9.0\Win32-temp-Release\pythoncore\cellobject.obj
E:\documents\python\hello\Python-2.7.11\PC\VS9.0\Win32-temp-Release\pythoncore\ceval.obj
E:\documents\python\hello\Python-2.7.11\PC\VS9.0\Win32-temp-Release\pythoncore\classobject.obj
E:\documents\python\hello\Python-2.7.11\PC\VS9.0\Win32-temp-Release\pythoncore\cmathmodule.obj
E:\documents\python\hello\Python-2.7.11\PC\VS9.0\Win32-temp-Release\pythoncore\cobject.obj
E:\documents\python\hello\Python-2.7.11\PC\VS9.0\Win32-temp-Release\pythoncore\codecs.obj
E:\documents\python\hello\Python-2.7.11\PC\VS9.0\Win32-temp-Release\pythoncore\codeobject.obj
E:\documents\python\hello\Python-2.7.11\PC\VS9.0\Win32-temp-Release\pythoncore\compile.obj
E:\documents\python\hello\Python-2.7.11\PC\VS9.0\Win32-temp-Release\pythoncore\complexobject.obj
E:\documents\python\hello\Python-2.7.11\PC\VS9.0\Win32-temp-Release\pythoncore\compress.obj
E:\documents\python\hello\Python-2.7.11\PC\VS9.0\Win32-temp-Release\pythoncore\config.obj
E:\documents\python\hello\Python-2.7.11\PC\VS9.0\Win32-temp-Release\pythoncore\cPickle.obj
E:\documents\python\hello\Python-2.7.11\PC\VS9.0\Win32-temp-Release\pythoncore\crc32.obj
E:\documents\python\hello\Python-2.7.11\PC\VS9.0\Win32-temp-Release\pythoncore\cStringIO.obj
E:\documents\python\hello\Python-2.7.11\PC\VS9.0\Win32-temp-Release\pythoncore\datetimemodule.obj
E:\documents\python\hello\Python-2.7.11\PC\VS9.0\Win32-temp-Release\pythoncore\deflate.obj
E:\documents\python\hello\Python-2.7.11\PC\VS9.0\Win32-temp-Release\pythoncore\descrobject.obj
E:\documents\python\hello\Python-2.7.11\PC\VS9.0\Win32-temp-Release\pythoncore\dictobject.obj
E:\documents\python\hello\Python-2.7.11\PC\VS9.0\Win32-temp-Release\pythoncore\dl_nt.obj
E:\documents\python\hello\Python-2.7.11\PC\VS9.0\Win32-temp-Release\pythoncore\dtoa.obj
E:\documents\python\hello\Python-2.7.11\PC\VS9.0\Win32-temp-Release\pythoncore\dynload_win.obj
E:\documents\python\hello\Python-2.7.11\PC\VS9.0\Win32-temp-Release\pythoncore\enumobject.obj
E:\documents\python\hello\Python-2.7.11\PC\VS9.0\Win32-temp-Release\pythoncore\errnomodule.obj
E:\documents\python\hello\Python-2.7.11\PC\VS9.0\Win32-temp-Release\pythoncore\errors.obj
E:\documents\python\hello\Python-2.7.11\PC\VS9.0\Win32-temp-Release\pythoncore\exceptions.obj
E:\documents\python\hello\Python-2.7.11\PC\VS9.0\Win32-temp-Release\pythoncore\fileio.obj
E:\documents\python\hello\Python-2.7.11\PC\VS9.0\Win32-temp-Release\pythoncore\fileobject.obj
E:\documents\python\hello\Python-2.7.11\PC\VS9.0\Win32-temp-Release\pythoncore\firstsets.obj
E:\documents\python\hello\Python-2.7.11\PC\VS9.0\Win32-temp-Release\pythoncore\floatobject.obj
E:\documents\python\hello\Python-2.7.11\PC\VS9.0\Win32-temp-Release\pythoncore\formatter_string.obj
E:\documents\python\hello\Python-2.7.11\PC\VS9.0\Win32-temp-Release\pythoncore\formatter_unicode.obj
E:\documents\python\hello\Python-2.7.11\PC\VS9.0\Win32-temp-Release\pythoncore\frameobject.obj
E:\documents\python\hello\Python-2.7.11\PC\VS9.0\Win32-temp-Release\pythoncore\frozen.obj
E:\documents\python\hello\Python-2.7.11\PC\VS9.0\Win32-temp-Release\pythoncore\funcobject.obj
E:\documents\python\hello\Python-2.7.11\PC\VS9.0\Win32-temp-Release\pythoncore\future.obj
E:\documents\python\hello\Python-2.7.11\PC\VS9.0\Win32-temp-Release\pythoncore\future_builtins.obj
E:\documents\python\hello\Python-2.7.11\PC\VS9.0\Win32-temp-Release\pythoncore\gcmodule.obj
E:\documents\python\hello\Python-2.7.11\PC\VS9.0\Win32-temp-Release\pythoncore\genobject.obj
E:\documents\python\hello\Python-2.7.11\PC\VS9.0\Win32-temp-Release\pythoncore\getargs.obj
E:\documents\python\hello\Python-2.7.11\PC\VS9.0\Win32-temp-Release\pythoncore\getbuildinfo.obj
E:\documents\python\hello\Python-2.7.11\PC\VS9.0\Win32-temp-Release\pythoncore\getcompiler.obj
E:\documents\python\hello\Python-2.7.11\PC\VS9.0\Win32-temp-Release\pythoncore\getcopyright.obj
E:\documents\python\hello\Python-2.7.11\PC\VS9.0\Win32-temp-Release\pythoncore\getopt.obj
E:\documents\python\hello\Python-2.7.11\PC\VS9.0\Win32-temp-Release\pythoncore\getpathp.obj
E:\documents\python\hello\Python-2.7.11\PC\VS9.0\Win32-temp-Release\pythoncore\getplatform.obj
E:\documents\python\hello\Python-2.7.11\PC\VS9.0\Win32-temp-Release\pythoncore\getversion.obj
E:\documents\python\hello\Python-2.7.11\PC\VS9.0\Win32-temp-Release\pythoncore\graminit.obj
E:\documents\python\hello\Python-2.7.11\PC\VS9.0\Win32-temp-Release\pythoncore\grammar.obj
E:\documents\python\hello\Python-2.7.11\PC\VS9.0\Win32-temp-Release\pythoncore\grammar1.obj
E:\documents\python\hello\Python-2.7.11\PC\VS9.0\Win32-temp-Release\pythoncore\gzclose.obj
E:\documents\python\hello\Python-2.7.11\PC\VS9.0\Win32-temp-Release\pythoncore\gzlib.obj
E:\documents\python\hello\Python-2.7.11\PC\VS9.0\Win32-temp-Release\pythoncore\gzread.obj
E:\documents\python\hello\Python-2.7.11\PC\VS9.0\Win32-temp-Release\pythoncore\gzwrite.obj
E:\documents\python\hello\Python-2.7.11\PC\VS9.0\Win32-temp-Release\pythoncore\imageop.obj
E:\documents\python\hello\Python-2.7.11\PC\VS9.0\Win32-temp-Release\pythoncore\import.obj
E:\documents\python\hello\Python-2.7.11\PC\VS9.0\Win32-temp-Release\pythoncore\importdl.obj
E:\documents\python\hello\Python-2.7.11\PC\VS9.0\Win32-temp-Release\pythoncore\import_nt.obj
E:\documents\python\hello\Python-2.7.11\PC\VS9.0\Win32-temp-Release\pythoncore\infback.obj
E:\documents\python\hello\Python-2.7.11\PC\VS9.0\Win32-temp-Release\pythoncore\inffast.obj
E:\documents\python\hello\Python-2.7.11\PC\VS9.0\Win32-temp-Release\pythoncore\inflate.obj
E:\documents\python\hello\Python-2.7.11\PC\VS9.0\Win32-temp-Release\pythoncore\inftrees.obj
E:\documents\python\hello\Python-2.7.11\PC\VS9.0\Win32-temp-Release\pythoncore\intobject.obj
E:\documents\python\hello\Python-2.7.11\PC\VS9.0\Win32-temp-Release\pythoncore\iobase.obj
E:\documents\python\hello\Python-2.7.11\PC\VS9.0\Win32-temp-Release\pythoncore\iterobject.obj
E:\documents\python\hello\Python-2.7.11\PC\VS9.0\Win32-temp-Release\pythoncore\itertoolsmodule.obj
E:\documents\python\hello\Python-2.7.11\PC\VS9.0\Win32-temp-Release\pythoncore\listnode.obj
E:\documents\python\hello\Python-2.7.11\PC\VS9.0\Win32-temp-Release\pythoncore\listobject.obj
E:\documents\python\hello\Python-2.7.11\PC\VS9.0\Win32-temp-Release\pythoncore\longobject.obj
E:\documents\python\hello\Python-2.7.11\PC\VS9.0\Win32-temp-Release\pythoncore\main.obj
E:\documents\python\hello\Python-2.7.11\PC\VS9.0\Win32-temp-Release\pythoncore\marshal.obj
E:\documents\python\hello\Python-2.7.11\PC\VS9.0\Win32-temp-Release\pythoncore\mathmodule.obj
E:\documents\python\hello\Python-2.7.11\PC\VS9.0\Win32-temp-Release\pythoncore\md5.obj
E:\documents\python\hello\Python-2.7.11\PC\VS9.0\Win32-temp-Release\pythoncore\md5module.obj
E:\documents\python\hello\Python-2.7.11\PC\VS9.0\Win32-temp-Release\pythoncore\memoryobject.obj
E:\documents\python\hello\Python-2.7.11\PC\VS9.0\Win32-temp-Release\pythoncore\metagrammar.obj
E:\documents\python\hello\Python-2.7.11\PC\VS9.0\Win32-temp-Release\pythoncore\methodobject.obj
E:\documents\python\hello\Python-2.7.11\PC\VS9.0\Win32-temp-Release\pythoncore\mmapmodule.obj
E:\documents\python\hello\Python-2.7.11\PC\VS9.0\Win32-temp-Release\pythoncore\modsupport.obj
E:\documents\python\hello\Python-2.7.11\PC\VS9.0\Win32-temp-Release\pythoncore\moduleobject.obj
E:\documents\python\hello\Python-2.7.11\PC\VS9.0\Win32-temp-Release\pythoncore\msvcrtmodule.obj
E:\documents\python\hello\Python-2.7.11\PC\VS9.0\Win32-temp-Release\pythoncore\multibytecodec.obj
E:\documents\python\hello\Python-2.7.11\PC\VS9.0\Win32-temp-Release\pythoncore\myreadline.obj
E:\documents\python\hello\Python-2.7.11\PC\VS9.0\Win32-temp-Release\pythoncore\mysnprintf.obj
E:\documents\python\hello\Python-2.7.11\PC\VS9.0\Win32-temp-Release\pythoncore\mystrtoul.obj
E:\documents\python\hello\Python-2.7.11\PC\VS9.0\Win32-temp-Release\pythoncore\node.obj
E:\documents\python\hello\Python-2.7.11\PC\VS9.0\Win32-temp-Release\pythoncore\object.obj
E:\documents\python\hello\Python-2.7.11\PC\VS9.0\Win32-temp-Release\pythoncore\obmalloc.obj
E:\documents\python\hello\Python-2.7.11\PC\VS9.0\Win32-temp-Release\pythoncore\operator.obj
E:\documents\python\hello\Python-2.7.11\PC\VS9.0\Win32-temp-Release\pythoncore\parser.obj
E:\documents\python\hello\Python-2.7.11\PC\VS9.0\Win32-temp-Release\pythoncore\parsermodule.obj
E:\documents\python\hello\Python-2.7.11\PC\VS9.0\Win32-temp-Release\pythoncore\parsetok.obj
E:\documents\python\hello\Python-2.7.11\PC\VS9.0\Win32-temp-Release\pythoncore\peephole.obj
E:\documents\python\hello\Python-2.7.11\PC\VS9.0\Win32-temp-Release\pythoncore\posixmodule.obj
E:\documents\python\hello\Python-2.7.11\PC\VS9.0\Win32-temp-Release\pythoncore\pyarena.obj
E:\documents\python\hello\Python-2.7.11\PC\VS9.0\Win32-temp-Release\pythoncore\pyctype.obj
E:\documents\python\hello\Python-2.7.11\PC\VS9.0\Win32-temp-Release\pythoncore\pyfpe.obj
E:\documents\python\hello\Python-2.7.11\PC\VS9.0\Win32-temp-Release\pythoncore\pymath.obj
E:\documents\python\hello\Python-2.7.11\PC\VS9.0\Win32-temp-Release\pythoncore\pystate.obj
E:\documents\python\hello\Python-2.7.11\PC\VS9.0\Win32-temp-Release\pythoncore\pystrcmp.obj
E:\documents\python\hello\Python-2.7.11\PC\VS9.0\Win32-temp-Release\pythoncore\pystrtod.obj
E:\documents\python\hello\Python-2.7.11\PC\VS9.0\Win32-temp-Release\pythoncore\Python-ast.obj
E:\documents\python\hello\Python-2.7.11\PC\VS9.0\Win32-temp-Release\pythoncore\pythonrun.obj
E:\documents\python\hello\Python-2.7.11\PC\VS9.0\Win32-temp-Release\pythoncore\random.obj
E:\documents\python\hello\Python-2.7.11\PC\VS9.0\Win32-temp-Release\pythoncore\rangeobject.obj
E:\documents\python\hello\Python-2.7.11\PC\VS9.0\Win32-temp-Release\pythoncore\rotatingtree.obj
E:\documents\python\hello\Python-2.7.11\PC\VS9.0\Win32-temp-Release\pythoncore\setobject.obj
E:\documents\python\hello\Python-2.7.11\PC\VS9.0\Win32-temp-Release\pythoncore\sha256module.obj
E:\documents\python\hello\Python-2.7.11\PC\VS9.0\Win32-temp-Release\pythoncore\sha512module.obj
E:\documents\python\hello\Python-2.7.11\PC\VS9.0\Win32-temp-Release\pythoncore\shamodule.obj
E:\documents\python\hello\Python-2.7.11\PC\VS9.0\Win32-temp-Release\pythoncore\signalmodule.obj
E:\documents\python\hello\Python-2.7.11\PC\VS9.0\Win32-temp-Release\pythoncore\sliceobject.obj
E:\documents\python\hello\Python-2.7.11\PC\VS9.0\Win32-temp-Release\pythoncore\stringio.obj
E:\documents\python\hello\Python-2.7.11\PC\VS9.0\Win32-temp-Release\pythoncore\stringobject.obj
E:\documents\python\hello\Python-2.7.11\PC\VS9.0\Win32-temp-Release\pythoncore\stropmodule.obj
E:\documents\python\hello\Python-2.7.11\PC\VS9.0\Win32-temp-Release\pythoncore\structmember.obj
E:\documents\python\hello\Python-2.7.11\PC\VS9.0\Win32-temp-Release\pythoncore\structseq.obj
E:\documents\python\hello\Python-2.7.11\PC\VS9.0\Win32-temp-Release\pythoncore\symtable.obj
E:\documents\python\hello\Python-2.7.11\PC\VS9.0\Win32-temp-Release\pythoncore\symtablemodule.obj
E:\documents\python\hello\Python-2.7.11\PC\VS9.0\Win32-temp-Release\pythoncore\sysmodule.obj
E:\documents\python\hello\Python-2.7.11\PC\VS9.0\Win32-temp-Release\pythoncore\textio.obj
E:\documents\python\hello\Python-2.7.11\PC\VS9.0\Win32-temp-Release\pythoncore\thread.obj
E:\documents\python\hello\Python-2.7.11\PC\VS9.0\Win32-temp-Release\pythoncore\threadmodule.obj
E:\documents\python\hello\Python-2.7.11\PC\VS9.0\Win32-temp-Release\pythoncore\timemodule.obj
E:\documents\python\hello\Python-2.7.11\PC\VS9.0\Win32-temp-Release\pythoncore\tokenizer.obj
E:\documents\python\hello\Python-2.7.11\PC\VS9.0\Win32-temp-Release\pythoncore\traceback.obj
E:\documents\python\hello\Python-2.7.11\PC\VS9.0\Win32-temp-Release\pythoncore\trees.obj
E:\documents\python\hello\Python-2.7.11\PC\VS9.0\Win32-temp-Release\pythoncore\tupleobject.obj
E:\documents\python\hello\Python-2.7.11\PC\VS9.0\Win32-temp-Release\pythoncore\typeobject.obj
E:\documents\python\hello\Python-2.7.11\PC\VS9.0\Win32-temp-Release\pythoncore\uncompr.obj
E:\documents\python\hello\Python-2.7.11\PC\VS9.0\Win32-temp-Release\pythoncore\unicodectype.obj
E:\documents\python\hello\Python-2.7.11\PC\VS9.0\Win32-temp-Release\pythoncore\unicodeobject.obj
E:\documents\python\hello\Python-2.7.11\PC\VS9.0\Win32-temp-Release\pythoncore\weakrefobject.obj
E:\documents\python\hello\Python-2.7.11\PC\VS9.0\Win32-temp-Release\pythoncore\xxsubtype.obj
E:\documents\python\hello\Python-2.7.11\PC\VS9.0\Win32-temp-Release\pythoncore\zipimport.obj
E:\documents\python\hello\Python-2.7.11\PC\VS9.0\Win32-temp-Release\pythoncore\zlibmodule.obj
E:\documents\python\hello\Python-2.7.11\PC\VS9.0\Win32-temp-Release\pythoncore\zutil.obj
E:\documents\python\hello\Python-2.7.11\PC\VS9.0\Win32-temp-Release\pythoncore\_bisectmodule.obj
E:\documents\python\hello\Python-2.7.11\PC\VS9.0\Win32-temp-Release\pythoncore\_codecsmodule.obj
E:\documents\python\hello\Python-2.7.11\PC\VS9.0\Win32-temp-Release\pythoncore\_codecs_cn.obj
E:\documents\python\hello\Python-2.7.11\PC\VS9.0\Win32-temp-Release\pythoncore\_codecs_hk.obj
E:\documents\python\hello\Python-2.7.11\PC\VS9.0\Win32-temp-Release\pythoncore\_codecs_iso2022.obj
E:\documents\python\hello\Python-2.7.11\PC\VS9.0\Win32-temp-Release\pythoncore\_codecs_jp.obj
E:\documents\python\hello\Python-2.7.11\PC\VS9.0\Win32-temp-Release\pythoncore\_codecs_kr.obj
E:\documents\python\hello\Python-2.7.11\PC\VS9.0\Win32-temp-Release\pythoncore\_codecs_tw.obj
E:\documents\python\hello\Python-2.7.11\PC\VS9.0\Win32-temp-Release\pythoncore\_collectionsmodule.obj
E:\documents\python\hello\Python-2.7.11\PC\VS9.0\Win32-temp-Release\pythoncore\_csv.obj
E:\documents\python\hello\Python-2.7.11\PC\VS9.0\Win32-temp-Release\pythoncore\_functoolsmodule.obj
E:\documents\python\hello\Python-2.7.11\PC\VS9.0\Win32-temp-Release\pythoncore\_heapqmodule.obj
E:\documents\python\hello\Python-2.7.11\PC\VS9.0\Win32-temp-Release\pythoncore\_hotshot.obj
E:\documents\python\hello\Python-2.7.11\PC\VS9.0\Win32-temp-Release\pythoncore\_iomodule.obj
E:\documents\python\hello\Python-2.7.11\PC\VS9.0\Win32-temp-Release\pythoncore\_json.obj
E:\documents\python\hello\Python-2.7.11\PC\VS9.0\Win32-temp-Release\pythoncore\_localemodule.obj
E:\documents\python\hello\Python-2.7.11\PC\VS9.0\Win32-temp-Release\pythoncore\_lsprof.obj
E:\documents\python\hello\Python-2.7.11\PC\VS9.0\Win32-temp-Release\pythoncore\_math.obj
E:\documents\python\hello\Python-2.7.11\PC\VS9.0\Win32-temp-Release\pythoncore\_randommodule.obj
E:\documents\python\hello\Python-2.7.11\PC\VS9.0\Win32-temp-Release\pythoncore\_sre.obj
E:\documents\python\hello\Python-2.7.11\PC\VS9.0\Win32-temp-Release\pythoncore\_struct.obj
E:\documents\python\hello\Python-2.7.11\PC\VS9.0\Win32-temp-Release\pythoncore\_subprocess.obj
E:\documents\python\hello\Python-2.7.11\PC\VS9.0\Win32-temp-Release\pythoncore\_warnings.obj
E:\documents\python\hello\Python-2.7.11\PC\VS9.0\Win32-temp-Release\pythoncore\_weakref.obj
E:\documents\python\hello\Python-2.7.11\PC\VS9.0\Win32-temp-Release\pythoncore\_winreg.obj
E:\documents\python\hello\Python-2.7.11\PC\VS9.0\Win32-temp-Release\pythoncore\cl.command.1.tlog
E:\documents\python\hello\Python-2.7.11\PC\VS9.0\Win32-temp-Release\pythoncore\CL.read.1.tlog
E:\documents\python\hello\Python-2.7.11\PC\VS9.0\Win32-temp-Release\pythoncore\CL.write.1.tlog
E:\documents\python\hello\Python-2.7.11\PC\VS9.0\Win32-temp-Release\pythoncore\Lib-link-cvtres.read.1.tlog
E:\documents\python\hello\Python-2.7.11\PC\VS9.0\Win32-temp-Release\pythoncore\Lib-link-cvtres.write.1.tlog
E:\documents\python\hello\Python-2.7.11\PC\VS9.0\Win32-temp-Release\pythoncore\Lib-link.read.1.tlog
E:\documents\python\hello\Python-2.7.11\PC\VS9.0\Win32-temp-Release\pythoncore\Lib-link.write.1.tlog
E:\documents\python\hello\Python-2.7.11\PC\VS9.0\Win32-temp-Release\pythoncore\lib.command.1.tlog
E:\documents\python\hello\Python-2.7.11\PC\VS9.0\Win32-temp-Release\pythoncore\rc.command.1.tlog
E:\documents\python\hello\Python-2.7.11\PC\VS9.0\Win32-temp-Release\pythoncore\rc.read.1.tlog
E:\documents\python\hello\Python-2.7.11\PC\VS9.0\Win32-temp-Release\pythoncore\rc.write.1.tlog
E:\documents\python\hello\Python-2.7.11\PC\VS9.0\Win32-temp-Release\pythoncore\python_nt.res
E:\documents\python\hello\Python-2.7.11\PC\VS9.0\Win32-temp-Release\pythoncore\vc110.pdb
E:\documents\python\hello\Python-2.7.11\PC\VS9.0\\pythoncore.lib
