E:\DOCUMENTS\PYTHON\HELLO\HELLO\RELEASE\STDAFX.OBJ
E:\DOCUMENTS\PYTHON\HELLO\HELLO\RELEASE\HELLO.OBJ
E:\DOCUMENTS\PYTHON\HELLO\HELLO\RELEASE\PYCALLC.OBJ
E:\DOCUMENTS\PYTHON\HELLO\HELLO\RELEASE\VC110.PDB
E:\documents\python\hello\Release\hello.lib
E:\documents\python\hello\Release\hello.exp
E:\DOCUMENTS\PYTHON\HELLO\RELEASE\HELLO.EXE
E:\DOCUMENTS\PYTHON\HELLO\RELEASE\HELLO.PDB
E:\documents\python\hello\hello\Release\hello.obj
E:\documents\python\hello\hello\Release\pycallc.obj
E:\documents\python\hello\hello\Release\stdafx.obj
E:\documents\python\hello\hello\Release\cl.command.1.tlog
E:\documents\python\hello\hello\Release\CL.read.1.tlog
E:\documents\python\hello\hello\Release\CL.write.1.tlog
E:\documents\python\hello\hello\Release\hello.write.1.tlog
E:\documents\python\hello\hello\Release\link-cvtres.read.1.tlog
E:\documents\python\hello\hello\Release\link-cvtres.write.1.tlog
E:\documents\python\hello\hello\Release\link-rc.read.1.tlog
E:\documents\python\hello\hello\Release\link-rc.write.1.tlog
E:\documents\python\hello\hello\Release\link.command.1.tlog
E:\documents\python\hello\hello\Release\link.read.1.tlog
E:\documents\python\hello\hello\Release\link.write.1.tlog
E:\documents\python\hello\hello\Release\vc110.pdb
E:\documents\python\hello\Release\hello.pdb
E:\documents\python\hello\Release\hello.exe
