生成启动时间为 2016/4/4 18:55:57。
     1>项目“E:\documents\python\hello\Python-2.7.11\PCbuild\_ctypes.vcxproj”在节点 4 上(Build 个目标)。
     1>ClCompile:
         D:\Program Files (x86)\Microsoft Visual Studio 11.0\VC\bin\CL.exe /c /I..\Modules\_ctypes\libffi_msvc /I"E:\documents\python\hello\Python-2.7.11\Include" /I"E:\documents\python\hello\Python-2.7.11\PC" /Zi /nologo /W3 /WX- /O2 /Oi /Oy- /GL /D WIN32 /D _WIN32 /D NDEBUG /D Py_BUILD_CORE_MODULE /D _WINDLL /GF /Gm- /MD /GS /Gy /fp:precise /Zc:wchar_t /Zc:forScope /Fo"E:\documents\python\hello\Python-2.7.11\PCbuild\obj\win32_Release\_ctypes\\" /Fd"E:\documents\python\hello\Python-2.7.11\PCbuild\obj\win32_Release\_ctypes\vc110.pdb" /Gd /TC /analyze- /errorReport:prompt ..\Modules\_ctypes\_ctypes.c ..\Modules\_ctypes\callbacks.c ..\Modules\_ctypes\callproc.c ..\Modules\_ctypes\cfield.c ..\Modules\_ctypes\libffi_msvc\ffi.c ..\Modules\_ctypes\malloc_closure.c ..\Modules\_ctypes\libffi_msvc\prep_cif.c ..\Modules\_ctypes\stgdict.c ..\Modules\_ctypes\libffi_msvc\win32.c
         _ctypes.c
         callbacks.c
         callproc.c
         cfield.c
         ffi.c
     1>..\Modules\_ctypes\libffi_msvc\ffi.c(122): warning C4018: “>”: 有符号/无符号不匹配
         malloc_closure.c
         prep_cif.c
         stgdict.c
         win32.c
       Link:
         D:\Program Files (x86)\Microsoft Visual Studio 11.0\VC\bin\link.exe /ERRORREPORT:PROMPT /OUT:"E:\documents\python\hello\Python-2.7.11\PCBuild\_ctypes.pyd" /NOLOGO /LIBPATH:"E:\documents\python\hello\Python-2.7.11\PCBuild\\" kernel32.lib user32.lib gdi32.lib winspool.lib comdlg32.lib advapi32.lib shell32.lib ole32.lib oleaut32.lib uuid.lib odbc32.lib odbccp32.lib /NODEFAULTLIB:LIBC /MANIFEST /MANIFESTUAC:"level='asInvoker' uiAccess='false'" /manifest:embed /DEBUG /PDB:"E:\documents\python\hello\Python-2.7.11\PCBuild\_ctypes.pdb" /SUBSYSTEM:WINDOWS /LTCG /TLBID:1 /BASE:"0x1D1A0000" /DYNAMICBASE /NXCOMPAT /IMPLIB:"E:\documents\python\hello\Python-2.7.11\PCBuild\_ctypes.lib" /MACHINE:X86 /SAFESEH /EXPORT:DllGetClassObject,PRIVATE /EXPORT:DllCanUnloadNow,PRIVATE /DLL "E:\documents\python\hello\Python-2.7.11\PCbuild\obj\win32_Release\_ctypes\_ctypes.obj"
         "E:\documents\python\hello\Python-2.7.11\PCbuild\obj\win32_Release\_ctypes\callbacks.obj"
         "E:\documents\python\hello\Python-2.7.11\PCbuild\obj\win32_Release\_ctypes\callproc.obj"
         "E:\documents\python\hello\Python-2.7.11\PCbuild\obj\win32_Release\_ctypes\cfield.obj"
         "E:\documents\python\hello\Python-2.7.11\PCbuild\obj\win32_Release\_ctypes\ffi.obj"
         "E:\documents\python\hello\Python-2.7.11\PCbuild\obj\win32_Release\_ctypes\malloc_closure.obj"
         "E:\documents\python\hello\Python-2.7.11\PCbuild\obj\win32_Release\_ctypes\prep_cif.obj"
         "E:\documents\python\hello\Python-2.7.11\PCbuild\obj\win32_Release\_ctypes\stgdict.obj"
         "E:\documents\python\hello\Python-2.7.11\PCbuild\obj\win32_Release\_ctypes\win32.obj"
         "E:\documents\python\hello\Python-2.7.11\PCBuild\python27.lib"
            正在创建库 E:\documents\python\hello\Python-2.7.11\PCBuild\_ctypes.lib 和对象 E:\documents\python\hello\Python-2.7.11\PCBuild\_ctypes.exp
         正在生成代码
         已完成代码的生成
         _ctypes.vcxproj -> E:\documents\python\hello\Python-2.7.11\PCBuild\_ctypes.pyd
     1>已完成生成项目“E:\documents\python\hello\Python-2.7.11\PCbuild\_ctypes.vcxproj”(Build 个目标)的操作。

生成成功。

已用时间 00:00:03.48
